-.869989E-03
-.378908E-04
-.334287E-02
-.878353E-03
-.187852E-04
-.333160E-02
-.313938E-03
-.920365E-05
-.332621E-02
-.309047E-03
-.183540E-04
-.333696E-02
-.875623E-03
-.283047E-04
-.333619E-02
-.643177E-03
-.149658E-04
-.333023E-02
-.312066E-03
-.138022E-04
-.333057E-02
-.634742E-03
-.300661E-04
-.334128E-02
0.314295E-03
0.228347E-05
-.331557E-02
0.309346E-03
0.449382E-05
-.332631E-02
0.182366E-06
-.346082E-05
-.332105E-02
0.312395E-03
0.341311E-05
-.331993E-02
0.164180E-06
-.693161E-05
-.333177E-02
0.878737E-03
0.118714E-04
-.330326E-02
0.870052E-03
0.240415E-04
-.331451E-02
0.643531E-03
0.804873E-05
-.330896E-02
0.875917E-03
0.179311E-04
-.330784E-02
0.634951E-03
0.162134E-04
-.332001E-02
0.879867E-03
0.587310E-05
-.330052E-02
0.315283E-03
0.115035E-05
-.331301E-02
0.314876E-03
-.169694E-05
-.331405E-02
0.879543E-03
-.884349E-05
-.330162E-02
0.644993E-03
0.401691E-05
-.330633E-02
0.315579E-03
0.100018E-07
-.331216E-02
0.644461E-03
-.600971E-05
-.330743E-02
0.880233E-03
-.366233E-08
-.329961E-02
-.314909E-03
-.460165E-05
-.332365E-02
-.314512E-03
0.691858E-05
-.332469E-02
0.188340E-06
-.172574E-05
-.331851E-02
-.315201E-03
0.763896E-08
-.332280E-02
0.183672E-06
0.261139E-05
-.331961E-02
-.879484E-03
-.932443E-05
-.332887E-02
-.879151E-03
0.140607E-04
-.332998E-02
-.644618E-03
-.746700E-05
-.332760E-02
-.879846E-03
0.200377E-07
-.332797E-02
-.644093E-03
0.112286E-04
-.332870E-02
0.309349E-03
-.446967E-05
-.332630E-02
0.870066E-03
-.240055E-04
-.331450E-02
0.312397E-03
-.339126E-05
-.331992E-02
0.634966E-03
-.161786E-04
-.332000E-02
0.875963E-03
-.178826E-04
-.330782E-02
-.309060E-03
0.183662E-04
-.333694E-02
-.312075E-03
0.138172E-04
-.333056E-02
0.159806E-06
0.694942E-05
-.333176E-02
-.870027E-03
0.378872E-04
-.334285E-02
-.875677E-03
0.282958E-04
-.333618E-02
-.634773E-03
0.300670E-04
-.334127E-02
0.868629E-03
0.107619E-04
-.342718E-02
0.788078E-03
0.193275E-04
-.402056E-02
0.283603E-03
0.564023E-05
-.404495E-02
0.311385E-03
0.243292E-05
-.344175E-02
0.841665E-03
0.143889E-04
-.367208E-02
0.578944E-03
0.138784E-04
-.403245E-02
0.302226E-03
0.378873E-05
-.369087E-02
0.636887E-03
0.745655E-05
-.343422E-02
0.640456E-03
0.274661E-04
-.462907E-02
0.231213E-03
0.869271E-05
-.466282E-02
0.720488E-03
0.236870E-04
-.434112E-02
0.471255E-03
0.199843E-04
-.464573E-02
0.259722E-03
0.727579E-05
-.437058E-02
0.450506E-03
0.332848E-04
-.509021E-02
0.162963E-03
0.108735E-04
-.513062E-02
0.549927E-03
0.306667E-04
-.487992E-02
0.331818E-03
0.243481E-04
-.511026E-02
0.198743E-03
0.989247E-05
-.491738E-02
0.232333E-03
0.367814E-04
-.537750E-02
0.841285E-04
0.121831E-04
-.542192E-02
0.344088E-03
0.353242E-04
-.525678E-02
0.171211E-03
0.269697E-04
-.539959E-02
0.124540E-03
0.116377E-04
-.529957E-02
0.391035E-04
0.379197E-04
-.547234E-02
0.141589E-04
0.126091E-04
-.551805E-02
0.117062E-03
0.376594E-04
-.545055E-02
0.288311E-04
0.278220E-04
-.549510E-02
0.423933E-04
0.125115E-04
-.549600E-02
-.283346E-03
-.108291E-04
-.405558E-02
-.311038E-03
-.761762E-05
-.345238E-02
0.129334E-06
-.259525E-05
-.405249E-02
-.301918E-03
-.897386E-05
-.370150E-02
0.175333E-06
-.259300E-05
-.344787E-02
-.231036E-03
-.138905E-04
-.467344E-02
0.889492E-07
-.259936E-05
-.467187E-02
-.259508E-03
-.124695E-04
-.438120E-02
-.162848E-03
-.160771E-04
-.514124E-02
0.573557E-07
-.260220E-05
-.514076E-02
-.198598E-03
-.150934E-04
-.492800E-02
-.840694E-04
-.173916E-04
-.543254E-02
0.293511E-07
-.260457E-05
-.543271E-02
-.124454E-03
-.168437E-04
-.531019E-02
-.141445E-04
-.178218E-04
-.552867E-02
0.709768E-08
-.260666E-05
-.552905E-02
-.423611E-04
-.177225E-04
-.550661E-02
-.787819E-03
-.245102E-04
-.404889E-02
-.868270E-03
-.159434E-04
-.345553E-02
-.578686E-03
-.190632E-04
-.405371E-02
-.841353E-03
-.195652E-04
-.370043E-02
-.636539E-03
-.126388E-04
-.345548E-02
-.640273E-03
-.326625E-04
-.465739E-02
-.471074E-03
-.251804E-04
-.466697E-02
-.720270E-03
-.288779E-04
-.436945E-02
-.450385E-03
-.384876E-04
-.511852E-02
-.331700E-03
-.295504E-04
-.513150E-02
-.549775E-03
-.358668E-04
-.490824E-02
-.232268E-03
-.419892E-04
-.540581E-02
-.171149E-03
-.321770E-04
-.542083E-02
-.343995E-03
-.405296E-04
-.528509E-02
-.390861E-04
-.431325E-04
-.550065E-02
-.288156E-04
-.330340E-04
-.551633E-02
-.117025E-03
-.428700E-04
-.547886E-02
0.910185E-08
-.115529E-03
-.554961E-02
0.780098E-08
-.575905E-04
-.550920E-02
0.169968E-08
-.237801E-04
-.553717E-02
0.817757E-08
-.474826E-04
-.557703E-02
0.863282E-08
-.865240E-04
-.552595E-02
0.103425E-07
-.440867E-04
-.552486E-02
0.532339E-08
-.356560E-04
-.555366E-02
0.111739E-07
-.882916E-04
-.556499E-02
0.448571E-08
0.168283E-04
-.552655E-02
0.158519E-08
0.335752E-04
-.556641E-02
0.300755E-08
-.347627E-05
-.553754E-02
0.264149E-08
0.252270E-04
-.554304E-02
0.471933E-08
-.695424E-05
-.557731E-02
-.297244E-09
0.506396E-04
-.548089E-02
0.291337E-08
0.101619E-03
-.552130E-02
-.368237E-08
0.371360E-04
-.550362E-02
0.866125E-09
0.760964E-04
-.549763E-02
-.284044E-09
0.743874E-04
-.554376E-02
-.107662E-08
0.252912E-04
-.547092E-02
0.357750E-08
0.841358E-05
-.551672E-02
-.356736E-08
-.841347E-05
-.551672E-02
0.109976E-08
-.252911E-04
-.547092E-02
-.331237E-08
0.185661E-04
-.549372E-02
0.508813E-11
0.520355E-10
-.551345E-02
0.333130E-08
-.185660E-04
-.549372E-02
0.115419E-10
0.486787E-10
-.546759E-02
-.207391E-09
-.118893E-04
-.552734E-02
0.203352E-09
0.118894E-04
-.552734E-02
0.165099E-08
-.173806E-05
-.552774E-02
-.185612E-11
0.551466E-10
-.552407E-02
-.164840E-08
0.173817E-05
-.552774E-02
0.499960E-08
-.287675E-04
-.549923E-02
-.501410E-08
0.287676E-04
-.549923E-02
0.697814E-08
-.220415E-04
-.551496E-02
-.725922E-11
0.664541E-10
-.549590E-02
-.698885E-08
0.220417E-04
-.551496E-02
0.320217E-09
-.506395E-04
-.548089E-02
-.447565E-08
-.168282E-04
-.552655E-02
-.157503E-08
-.335751E-04
-.556641E-02
-.289073E-08
-.101619E-03
-.552130E-02
0.370128E-08
-.371359E-04
-.550362E-02
-.263149E-08
-.252269E-04
-.554304E-02
0.303349E-09
-.743873E-04
-.554376E-02
-.843392E-09
-.760963E-04
-.549763E-02
-.170395E-08
0.237802E-04
-.553717E-02
-.818553E-08
0.474827E-04
-.557703E-02
-.300528E-08
0.347637E-05
-.553754E-02
-.532883E-08
0.356561E-04
-.555366E-02
-.471793E-08
0.695434E-05
-.557731E-02
-.781350E-08
0.575907E-04
-.550920E-02
-.912666E-08
0.115529E-03
-.554961E-02
-.103524E-07
0.440868E-04
-.552486E-02
-.864833E-08
0.865242E-04
-.552595E-02
-.111876E-07
0.882917E-04
-.556499E-02
0.879151E-03
-.140606E-04
-.332998E-02
0.314512E-03
-.691855E-05
-.332469E-02
0.314909E-03
0.460169E-05
-.332365E-02
0.879484E-03
0.932449E-05
-.332887E-02
0.644093E-03
-.112286E-04
-.332870E-02
0.315201E-03
-.759668E-08
-.332280E-02
0.644618E-03
0.746705E-05
-.332760E-02
0.879846E-03
-.199911E-07
-.332797E-02
-.314876E-03
0.169699E-05
-.331405E-02
-.315283E-03
-.115030E-05
-.331301E-02
-.183659E-06
-.261135E-05
-.331961E-02
-.315579E-03
-.995617E-08
-.331216E-02
-.188346E-06
0.172579E-05
-.331851E-02
-.879543E-03
0.884354E-05
-.330162E-02
-.879867E-03
-.587305E-05
-.330052E-02
-.644461E-03
0.600976E-05
-.330743E-02
-.880233E-03
0.371232E-08
-.329961E-02
-.644993E-03
-.401686E-05
-.330633E-02
0.870026E-03
-.378871E-04
-.334285E-02
0.309060E-03
-.183661E-04
-.333694E-02
0.875677E-03
-.282958E-04
-.333618E-02
0.634773E-03
-.300670E-04
-.334127E-02
0.312075E-03
-.138172E-04
-.333056E-02
-.309349E-03
0.446972E-05
-.332630E-02
-.159779E-06
-.694938E-05
-.333176E-02
-.312397E-03
0.339131E-05
-.331992E-02
-.870066E-03
0.240055E-04
-.331450E-02
-.634966E-03
0.161787E-04
-.332000E-02
-.875963E-03
0.178827E-04
-.330782E-02
0.878353E-03
0.187852E-04
-.333160E-02
0.313938E-03
0.920369E-05
-.332621E-02
0.309047E-03
0.183540E-04
-.333696E-02
0.869989E-03
0.378910E-04
-.334287E-02
0.643177E-03
0.149658E-04
-.333023E-02
0.312066E-03
0.138022E-04
-.333057E-02
0.634743E-03
0.300662E-04
-.334128E-02
0.875623E-03
0.283048E-04
-.333619E-02
-.314295E-03
-.228343E-05
-.331557E-02
-.309346E-03
-.449378E-05
-.332631E-02
-.182381E-06
0.346086E-05
-.332105E-02
-.312395E-03
-.341307E-05
-.331993E-02
-.164206E-06
0.693165E-05
-.333177E-02
-.878737E-03
-.118714E-04
-.330326E-02
-.870052E-03
-.240414E-04
-.331451E-02
-.643531E-03
-.804869E-05
-.330896E-02
-.875917E-03
-.179310E-04
-.330784E-02
-.634951E-03
-.162134E-04
-.332001E-02
-.391035E-04
-.379196E-04
-.547234E-02
-.232333E-03
-.367813E-04
-.537750E-02
-.841285E-04
-.121830E-04
-.542192E-02
-.141589E-04
-.126090E-04
-.551805E-02
-.117062E-03
-.376593E-04
-.545055E-02
-.171211E-03
-.269696E-04
-.539959E-02
-.423934E-04
-.125114E-04
-.549600E-02
-.288312E-04
-.278219E-04
-.549510E-02
-.450506E-03
-.332847E-04
-.509021E-02
-.162963E-03
-.108734E-04
-.513062E-02
-.344088E-03
-.353241E-04
-.525678E-02
-.331818E-03
-.243480E-04
-.511026E-02
-.124540E-03
-.116376E-04
-.529957E-02
-.640456E-03
-.274660E-04
-.462907E-02
-.231213E-03
-.869263E-05
-.466282E-02
-.549927E-03
-.306666E-04
-.487992E-02
-.471255E-03
-.199843E-04
-.464573E-02
-.198743E-03
-.989238E-05
-.491738E-02
-.788078E-03
-.193274E-04
-.402056E-02
-.283603E-03
-.564016E-05
-.404495E-02
-.720488E-03
-.236869E-04
-.434112E-02
-.578944E-03
-.138783E-04
-.403245E-02
-.259722E-03
-.727572E-05
-.437058E-02
-.868629E-03
-.107618E-04
-.342718E-02
-.311385E-03
-.243287E-05
-.344175E-02
-.841665E-03
-.143889E-04
-.367208E-02
-.636887E-03
-.745650E-05
-.343422E-02
-.302226E-03
-.378867E-05
-.369087E-02
0.840694E-04
0.173917E-04
-.543254E-02
0.141445E-04
0.178219E-04
-.552867E-02
-.293509E-07
0.260468E-05
-.543271E-02
0.423612E-04
0.177226E-04
-.550661E-02
-.709582E-08
0.260677E-05
-.552905E-02
0.162848E-03
0.160772E-04
-.514124E-02
-.573557E-07
0.260230E-05
-.514076E-02
0.124454E-03
0.168438E-04
-.531019E-02
0.231036E-03
0.138906E-04
-.467344E-02
-.889512E-07
0.259945E-05
-.467187E-02
0.198598E-03
0.150935E-04
-.492800E-02
0.283346E-03
0.108292E-04
-.405558E-02
-.129340E-06
0.259531E-05
-.405249E-02
0.259508E-03
0.124696E-04
-.438120E-02
0.311038E-03
0.761766E-05
-.345238E-02
-.175343E-06
0.259305E-05
-.344787E-02
0.301918E-03
0.897391E-05
-.370150E-02
0.232268E-03
0.419893E-04
-.540581E-02
0.390862E-04
0.431326E-04
-.550065E-02
0.171149E-03
0.321772E-04
-.542083E-02
0.117026E-03
0.428701E-04
-.547886E-02
0.288157E-04
0.330341E-04
-.551633E-02
0.450385E-03
0.384877E-04
-.511852E-02
0.331700E-03
0.295505E-04
-.513150E-02
0.343995E-03
0.405297E-04
-.528509E-02
0.640273E-03
0.326626E-04
-.465739E-02
0.471074E-03
0.251805E-04
-.466697E-02
0.549775E-03
0.358669E-04
-.490824E-02
0.787819E-03
0.245103E-04
-.404889E-02
0.578686E-03
0.190632E-04
-.405371E-02
0.720270E-03
0.288780E-04
-.436945E-02
0.868270E-03
0.159434E-04
-.345553E-02
0.636539E-03
0.126389E-04
-.345548E-02
0.841353E-03
0.195652E-04
-.370043E-02
