-.222792E-03
0.362834E-04
0.334115E-03
-.265081E-03
0.273600E-04
0.279358E-03
-.781688E-05
0.523351E-05
0.154189E-03
-.168632E-05
0.305679E-04
0.194596E-03
-.235927E-03
0.424025E-04
0.322925E-03
-.574651E-04
0.677426E-05
0.173425E-03
-.119327E-04
0.992393E-05
0.175353E-03
-.653302E-04
0.143925E-04
0.226995E-03
0.442866E-04
0.442164E-05
0.117161E-03
0.503417E-04
0.221731E-04
0.135123E-03
0.227687E-04
0.357723E-05
0.131102E-03
0.413280E-04
0.962235E-05
0.127167E-03
0.279813E-04
0.220624E-04
0.157189E-03
0.218375E-03
0.348653E-05
0.995548E-04
0.222681E-03
0.459821E-04
0.101033E-03
0.851894E-04
0.507788E-05
0.955200E-04
0.211005E-03
0.109184E-04
0.105833E-03
0.889964E-04
0.345636E-04
0.104775E-03
0.198192E-03
0.116057E-04
0.102146E-03
0.380726E-04
0.611782E-05
0.116890E-03
0.256578E-04
-.185198E-05
0.150280E-03
0.157695E-03
0.116935E-04
0.125227E-03
0.726841E-04
0.696934E-05
0.957015E-04
0.310411E-04
0.452016E-05
0.128997E-03
0.597532E-04
0.217962E-05
0.122175E-03
0.177856E-03
0.173043E-04
0.113690E-03
-.631527E-05
0.381644E-05
0.154207E-03
-.164892E-04
-.128111E-04
0.204851E-03
0.206767E-04
0.573485E-05
0.130502E-03
-.120745E-04
0.359884E-06
0.175433E-03
0.616404E-05
-.586172E-05
0.171635E-03
-.252052E-03
-.156778E-04
0.280361E-03
-.173221E-03
-.500412E-04
0.350711E-03
-.514375E-04
0.523669E-05
0.173274E-03
-.214836E-03
-.378187E-04
0.330224E-03
-.620519E-04
-.289495E-04
0.239671E-03
0.284954E-04
-.283908E-04
0.185143E-03
0.152039E-03
-.517523E-04
0.136671E-03
0.223659E-04
-.128020E-04
0.171280E-03
0.666395E-04
-.397372E-04
0.145386E-03
0.138069E-03
-.355343E-05
0.141141E-03
-.294484E-04
-.465899E-04
0.248606E-03
-.211719E-04
-.255257E-04
0.230515E-03
0.454220E-06
-.331365E-04
0.211290E-03
-.158111E-03
-.335812E-04
0.365511E-03
-.144007E-03
-.551728E-04
0.365290E-03
-.742851E-04
-.282515E-04
0.268761E-03
-.127090E-04
0.213445E-04
0.904963E-05
-.233924E-04
0.531942E-04
0.418261E-04
-.739580E-05
0.126192E-04
0.552532E-04
-.486008E-05
0.633223E-05
0.109929E-04
-.218460E-04
0.364923E-04
0.246257E-04
-.126378E-04
0.245182E-04
0.420404E-04
-.702717E-05
0.102796E-04
0.303497E-04
-.595740E-05
0.126670E-04
0.651772E-05
-.102354E-04
0.760945E-04
0.605360E-04
-.324882E-05
0.139470E-04
0.820242E-04
-.188714E-04
0.669523E-04
0.534234E-04
-.624118E-05
0.314023E-04
0.632991E-04
-.604026E-05
0.133149E-04
0.723011E-04
0.102238E-04
0.760986E-04
0.605382E-04
0.323618E-05
0.139481E-04
0.820277E-04
-.609794E-08
0.793215E-04
0.628076E-04
0.623093E-05
0.314037E-04
0.633015E-04
-.624289E-08
0.139691E-04
0.852552E-04
0.233848E-04
0.532081E-04
0.418317E-04
0.738780E-05
0.126258E-04
0.552600E-04
0.188607E-04
0.669610E-04
0.534278E-04
0.126307E-04
0.245248E-04
0.420459E-04
0.602640E-05
0.133189E-04
0.723082E-04
0.127175E-04
0.213663E-04
0.905571E-05
0.488594E-05
0.634189E-05
0.109930E-04
0.218389E-04
0.365159E-04
0.246408E-04
0.597150E-05
0.126858E-04
0.651433E-05
0.702268E-05
0.102883E-04
0.303539E-04
-.587986E-06
-.659332E-05
0.108497E-03
-.151454E-05
-.302333E-05
0.293032E-04
-.572809E-05
0.205172E-05
0.727030E-04
-.375666E-05
-.391626E-05
0.668723E-04
-.510492E-05
0.134278E-05
0.143920E-04
0.171017E-05
-.154692E-04
0.141636E-03
-.158511E-05
-.139414E-05
0.103150E-03
0.237735E-05
-.113688E-04
0.131249E-03
-.173294E-05
-.154679E-04
0.141638E-03
0.156700E-05
-.139261E-05
0.103154E-03
-.104758E-07
-.165804E-04
0.144688E-03
0.553633E-06
-.657525E-05
0.108516E-03
0.571563E-05
0.206033E-05
0.727150E-04
-.240683E-05
-.113621E-04
0.131257E-03
0.156213E-05
-.303261E-05
0.293002E-04
0.513646E-05
0.134401E-05
0.143924E-04
0.372301E-05
-.388971E-05
0.668989E-04
0.501130E-04
-.297710E-04
0.274997E-03
0.389269E-04
-.118633E-04
0.139852E-03
0.184625E-04
-.108512E-04
0.159137E-03
0.614295E-04
-.167636E-04
0.236070E-03
-.289725E-05
-.690264E-05
0.438371E-04
0.161898E-04
-.635585E-04
0.307195E-03
0.934656E-05
-.261428E-04
0.188652E-03
0.333692E-04
-.489202E-04
0.298017E-03
-.162190E-04
-.635588E-04
0.307198E-03
-.937050E-05
-.261431E-04
0.188654E-03
-.138314E-07
-.688206E-04
0.310716E-03
-.501421E-04
-.297703E-04
0.275005E-03
-.185075E-04
-.108413E-04
0.159138E-03
-.334068E-04
-.489164E-04
0.298020E-03
-.388758E-04
-.119700E-04
0.139972E-03
0.302139E-05
-.695841E-05
0.439016E-04
-.614658E-04
-.168006E-04
0.236073E-03
0.649272E-04
0.835036E-04
0.287614E-03
0.105748E-03
0.625240E-04
0.217693E-03
-.960331E-05
0.752239E-05
0.871845E-04
-.276716E-04
0.378846E-04
0.148148E-03
0.926623E-04
0.773922E-04
0.267432E-03
0.102999E-06
0.243522E-04
0.117933E-03
-.889708E-05
0.141833E-04
0.118721E-03
-.876748E-05
0.437964E-04
0.191158E-03
-.209837E-04
-.330685E-05
0.500818E-04
-.219434E-04
0.126247E-04
0.853642E-04
-.186808E-04
-.523827E-06
0.619521E-04
-.193530E-04
0.114180E-05
0.692990E-04
-.274859E-04
0.199878E-04
0.107098E-03
-.706130E-04
-.196032E-04
0.380469E-04
-.708617E-04
0.580654E-05
0.547484E-04
-.293404E-04
-.915296E-05
0.385632E-04
-.735947E-04
-.144436E-04
0.494801E-04
-.226221E-04
0.839334E-05
0.639594E-04
-.362657E-04
-.904330E-05
0.344141E-04
-.116827E-04
-.440929E-06
0.388528E-04
0.116827E-04
0.440933E-06
0.388528E-04
0.362657E-04
0.904330E-05
0.344141E-04
-.136874E-04
-.450083E-05
0.298969E-04
0.533335E-12
0.144821E-11
0.382787E-04
0.136874E-04
0.450083E-05
0.298969E-04
-.176874E-11
-.266308E-11
0.365232E-04
-.799337E-05
0.405489E-05
0.731178E-04
0.799337E-05
-.405487E-05
0.731178E-04
-.124898E-04
0.153534E-05
0.486504E-04
0.165351E-11
0.632806E-11
0.753348E-04
0.124898E-04
-.153533E-05
0.486504E-04
0.685381E-04
0.217843E-04
0.211310E-03
-.685381E-04
-.217843E-04
0.211310E-03
-.800800E-05
0.185208E-04
0.105217E-03
-.108753E-10
0.746512E-11
0.244246E-03
0.800803E-05
-.185208E-04
0.105217E-03
0.706130E-04
0.196032E-04
0.380468E-04
0.209837E-04
0.330684E-05
0.500818E-04
0.219435E-04
-.126247E-04
0.853642E-04
0.708617E-04
-.580652E-05
0.547484E-04
0.293404E-04
0.915295E-05
0.385632E-04
0.193531E-04
-.114180E-05
0.692990E-04
0.226221E-04
-.839333E-05
0.639594E-04
0.735947E-04
0.144436E-04
0.494801E-04
0.960338E-05
-.752239E-05
0.871845E-04
0.276719E-04
-.378847E-04
0.148148E-03
0.186808E-04
0.523824E-06
0.619521E-04
0.889725E-05
-.141834E-04
0.118721E-03
0.274859E-04
-.199877E-04
0.107098E-03
-.105748E-03
-.625240E-04
0.217693E-03
-.649279E-04
-.835038E-04
0.287615E-03
-.102973E-06
-.243522E-04
0.117933E-03
-.926624E-04
-.773920E-04
0.267432E-03
0.876723E-05
-.437961E-04
0.191158E-03
0.173220E-03
0.500410E-04
0.350711E-03
0.164892E-04
0.128112E-04
0.204851E-03
0.631525E-05
-.381640E-05
0.154207E-03
0.252052E-03
0.156780E-04
0.280361E-03
0.620518E-04
0.289492E-04
0.239671E-03
0.120745E-04
-.359813E-06
0.175433E-03
0.514374E-04
-.523648E-05
0.173274E-03
0.214836E-03
0.378189E-04
0.330224E-03
-.256578E-04
0.185197E-05
0.150280E-03
-.380726E-04
-.611783E-05
0.116890E-03
-.616402E-05
0.586173E-05
0.171635E-03
-.310411E-04
-.452016E-05
0.128997E-03
-.206767E-04
-.573484E-05
0.130502E-03
-.157695E-03
-.116935E-04
0.125227E-03
-.198192E-03
-.116057E-04
0.102146E-03
-.597532E-04
-.217963E-05
0.122175E-03
-.177856E-03
-.173043E-04
0.113690E-03
-.726841E-04
-.696935E-05
0.957014E-04
0.158111E-03
0.335774E-04
0.365510E-03
0.294487E-04
0.465895E-04
0.248606E-03
0.144007E-03
0.551730E-04
0.365290E-03
0.742849E-04
0.282517E-04
0.268762E-03
0.211720E-04
0.255256E-04
0.230515E-03
-.284954E-04
0.283908E-04
0.185143E-03
-.454232E-06
0.331365E-04
0.211290E-03
-.223659E-04
0.128020E-04
0.171280E-03
-.152039E-03
0.517523E-04
0.136671E-03
-.666395E-04
0.397372E-04
0.145386E-03
-.138069E-03
0.355341E-05
0.141141E-03
0.265081E-03
-.273599E-04
0.279358E-03
0.781685E-05
-.523346E-05
0.154189E-03
0.168668E-05
-.305680E-04
0.194596E-03
0.222793E-03
-.362839E-04
0.334116E-03
0.574650E-04
-.677419E-05
0.173425E-03
0.119328E-04
-.992394E-05
0.175353E-03
0.653302E-04
-.143922E-04
0.226995E-03
0.235927E-03
-.424023E-04
0.322925E-03
-.442866E-04
-.442164E-05
0.117160E-03
-.503417E-04
-.221731E-04
0.135123E-03
-.227687E-04
-.357723E-05
0.131102E-03
-.413279E-04
-.962235E-05
0.127167E-03
-.279812E-04
-.220624E-04
0.157189E-03
-.218375E-03
-.348654E-05
0.995548E-04
-.222681E-03
-.459821E-04
0.101033E-03
-.851894E-04
-.507788E-05
0.955200E-04
-.211005E-03
-.109184E-04
0.105833E-03
-.889964E-04
-.345636E-04
0.104775E-03
-.127175E-04
-.213663E-04
0.905573E-05
-.233848E-04
-.532081E-04
0.418316E-04
-.738781E-05
-.126258E-04
0.552600E-04
-.488594E-05
-.634191E-05
0.109930E-04
-.218389E-04
-.365160E-04
0.246408E-04
-.126307E-04
-.245248E-04
0.420459E-04
-.702268E-05
-.102883E-04
0.303540E-04
-.597151E-05
-.126858E-04
0.651435E-05
-.102239E-04
-.760987E-04
0.605382E-04
-.323619E-05
-.139481E-04
0.820277E-04
-.188607E-04
-.669610E-04
0.534278E-04
-.623094E-05
-.314037E-04
0.633015E-04
-.602641E-05
-.133189E-04
0.723082E-04
0.102354E-04
-.760945E-04
0.605361E-04
0.324881E-05
-.139470E-04
0.820242E-04
0.608852E-08
-.793215E-04
0.628076E-04
0.624118E-05
-.314023E-04
0.632991E-04
0.623498E-08
-.139691E-04
0.852552E-04
0.233924E-04
-.531942E-04
0.418262E-04
0.739580E-05
-.126192E-04
0.552532E-04
0.188714E-04
-.669523E-04
0.534234E-04
0.126378E-04
-.245182E-04
0.420404E-04
0.604026E-05
-.133149E-04
0.723012E-04
0.127090E-04
-.213445E-04
0.904963E-05
0.486009E-05
-.633223E-05
0.109929E-04
0.218460E-04
-.364923E-04
0.246257E-04
0.595740E-05
-.126670E-04
0.651773E-05
0.702717E-05
-.102796E-04
0.303497E-04
-.553663E-06
0.657517E-05
0.108516E-03
-.156212E-05
0.303255E-05
0.293003E-04
-.571565E-05
-.206036E-05
0.727150E-04
-.372299E-05
0.388961E-05
0.668989E-04
-.513646E-05
-.134405E-05
0.143924E-04
0.173293E-05
0.154679E-04
0.141638E-03
-.156701E-05
0.139261E-05
0.103154E-03
0.240680E-05
0.113620E-04
0.131257E-03
-.171017E-05
0.154692E-04
0.141636E-03
0.158510E-05
0.139415E-05
0.103150E-03
0.104716E-07
0.165804E-04
0.144688E-03
0.588014E-06
0.659331E-05
0.108497E-03
0.572810E-05
-.205171E-05
0.727030E-04
-.237733E-05
0.113688E-04
0.131249E-03
0.151452E-05
0.302330E-05
0.293032E-04
0.510492E-05
-.134278E-05
0.143920E-04
0.375667E-05
0.391622E-05
0.668722E-04
0.501421E-04
0.297704E-04
0.275005E-03
0.388758E-04
0.119701E-04
0.139972E-03
0.185075E-04
0.108413E-04
0.159138E-03
0.614659E-04
0.168008E-04
0.236073E-03
-.302138E-05
0.695843E-05
0.439017E-04
0.162190E-04
0.635588E-04
0.307198E-03
0.937050E-05
0.261431E-04
0.188654E-03
0.334068E-04
0.489164E-04
0.298020E-03
-.161898E-04
0.635586E-04
0.307195E-03
-.934654E-05
0.261429E-04
0.188652E-03
0.138468E-07
0.688206E-04
0.310716E-03
-.501129E-04
0.297709E-04
0.274997E-03
-.184625E-04
0.108511E-04
0.159137E-03
-.333691E-04
0.489202E-04
0.298017E-03
-.389269E-04
0.118632E-04
0.139852E-03
0.289720E-05
0.690257E-05
0.438371E-04
-.614296E-04
0.167634E-04
0.236070E-03
