   267    421      0      0      0      0 
   268    422      0      0      0      0 
   269    423      0      0      0      0 
   270    424      0      0      0      0 
   271    425      0      0      0      0 
   272    426      0      0      0      0 
   273    427      0      0      0      0 
   274    428      0      0      0      0 
   275    429      0      0      0      0 
   276    430      0      0      0      0 
   277    431      0      0      0      0 
   278    432      0      0      0      0 
   279    433      0      0      0      0 
   280    434      0      0      0      0 
   281    435      0      0      0      0 
   282    436      0      0      0      0 
   283    437      0      0      0      0 
   284    438      0      0      0      0 
   285      0    660      0      0      0 
   286      0    661      0      0      0 
   287      0    662      0      0      0 
   288      0    663      0      0      0 
   289      0    664      0      0      0 
   290      0    665      0      0      0 
   291      0    666      0      0      0 
   292      0    667      0      0      0 
   293      0    668      0      0      0 
   294      0    669      0      0      0 
   295      0    670      0      0      0 
   296      0    671      0      0      0 
   297      0    672      0      0      0 
   298      0    673      0      0      0 
   299      0    674      0      0      0 
   300      0    675      0      0      0 
   301      0    676      0      0      0 
   302      0    677      0      0      0 
   303      0    678      0      0      0 
   304      0    679      0      0      0 
   305      0    680      0      0      0 
   306      0    681      0      0      0 
   307      0    682      0      0      0 
   308      0    683      0      0      0 
   309      0    684      0      0      0 
   310      0    685      0      0      0 
   311      0    686      0      0      0 
   312      0    687      0      0      0 
   313      0    688      0      0      0 
     0    439    689      0      0      0 
     0    440    690      0      0      0 
     0    441    691      0      0      0 
     0    442    692      0      0      0 
     0    443    693      0      0      0 
     0    444    694      0      0      0 
     0    445    695      0      0      0 
     0    446    696      0      0      0 
     0    447    697      0      0      0 
     0    448    698      0      0      0 
     0    449    699      0      0      0 
     0    450    700      0      0      0 
     0    451    701      0      0      0 
     0    452    702      0      0      0 
     0    453    703      0      0      0 
     0    454    704      0      0      0 
     0    455    705      0      0      0 
     0    456    706      0      0      0 
     0    457    707      0      0      0 
     0    458    708      0      0      0 
     0    459    709      0      0      0 
     0    460    710      0      0      0 
     0    461    711      0      0      0 
     0    462    712      0      0      0 
     0    463    713      0      0      0 
     0    464    714      0      0      0 
     0    465    715      0      0      0 
     0    466    716      0      0      0 
     0    467    717      0      0      0 
     0    468    718      0      0      0 
     0    469    719      0      0      0 
     0    470    720      0      0      0 
     0    471    721      0      0      0 
     0    472    722      0      0      0 
     0    473    723      0      0      0 
     0    474    724      0      0      0 
     0    475    725      0      0      0 
     0    476    726      0      0      0 
     0    477    727      0      0      0 
     0    478    728      0      0      0 
     0    479    729      0      0      0 
     0    480    730      0      0      0 
     0    481    731      0      0      0 
     0    482    732      0      0      0 
     0    483    733      0      0      0 
     0    484    734      0      0      0 
     0    485    735      0      0      0 
     0    486    736      0      0      0 
     0    487    737      0      0      0 
     0    488    738      0      0      0 
     0    489    739      0      0      0 
     0    490    740      0      0      0 
     0    491    741      0      0      0 
     0    492    742      0      0      0 
     0    493    743      0      0      0 
     0    494    744      0      0      0 
     0    495    745      0      0      0 
     0    496    746      0      0      0 
     0    497    747      0      0      0 
     0    498    748      0      0      0 
     0    499    749      0      0      0 
     0    500    750      0      0      0 
     0    501      0      0   1241      0 
     0    502      0      0   1242      0 
     0    503      0      0   1243      0 
     0    504      0      0   1244      0 
     0    505      0      0   1245      0 
     0    506      0      0   1246      0 
     0    507      0      0   1247      0 
     0    508      0      0   1248      0 
     0    509      0      0   1249      0 
     0    510      0      0   1250      0 
     0    511      0      0   1251      0 
     0    512      0      0   1252      0 
     0    513      0      0   1253      0 
     0    514      0      0   1254      0 
     0    515      0      0   1255      0 
     0    516      0      0   1256      0 
     0    517      0      0   1257      0 
     0    518      0      0   1258      0 
     0      0    751      0   1259      0 
     0      0    752      0   1260      0 
     0      0    753      0   1261      0 
     0      0    754      0   1262      0 
     0      0    755      0   1263      0 
     0      0    756      0   1264      0 
     0      0    757      0   1265      0 
     0      0    758      0   1266      0 
     0      0    759      0   1267      0 
     0      0    760      0   1268      0 
     0      0    761      0   1269      0 
     0      0    762      0   1270      0 
     0      0    763      0   1271      0 
     0      0    764      0   1272      0 
     0      0    765      0   1273      0 
     0      0    766      0   1274      0 
     0      0    767      0   1275      0 
     0      0    768      0   1276      0 
     0      0    769      0      0   1475 
     0      0    770      0      0   1476 
     0      0    771      0      0   1477 
     0      0    772      0      0   1478 
     0      0    773      0      0   1479 
     0      0    774      0      0   1480 
     0      0    775      0      0   1481 
     0      0    776      0      0   1482 
     0      0    777      0      0   1483 
     0      0    778      0      0   1484 
     0      0    779      0      0   1485 
     0      0    780      0      0   1486 
     0      0    781      0      0   1487 
     0      0    782      0      0   1488 
     0      0    783      0      0   1489 
     0      0    784      0      0   1490 
     0      0    785      0      0   1491 
     0      0    786      0      0   1492 
     0      0      0   1053   1277      0 
     0      0      0   1054   1278      0 
     0      0      0   1055   1279      0 
     0      0      0   1056   1280      0 
     0      0      0   1057   1281      0 
     0      0      0   1058   1282      0 
     0      0      0   1059   1283      0 
     0      0      0   1060   1284      0 
     0      0      0   1061   1285      0 
     0      0      0   1062   1286      0 
     0      0      0   1063   1287      0 
     0      0      0   1064   1288      0 
     0      0      0   1065   1289      0 
     0      0      0   1066   1290      0 
     0      0      0   1067   1291      0 
     0      0      0   1068   1292      0 
     0      0      0   1069   1293      0 
     0      0      0   1070   1294      0 
     0      0      0   1071   1295      0 
     0      0      0   1072   1296      0 
     0      0      0   1073   1297      0 
     0      0      0   1074   1298      0 
     0      0      0   1075   1299      0 
     0      0      0   1076   1300      0 
     0      0      0   1077   1301      0 
     0      0      0   1078   1302      0 
     0      0      0   1079   1303      0 
     0      0      0   1080   1304      0 
     0      0      0   1081   1305      0 
     0      0      0   1082      0   1493 
     0      0      0   1083      0   1494 
     0      0      0   1084      0   1495 
     0      0      0   1085      0   1496 
     0      0      0   1086      0   1497 
     0      0      0   1087      0   1498 
     0      0      0   1088      0   1499 
     0      0      0   1089      0   1500 
     0      0      0   1090      0   1501 
     0      0      0   1091      0   1502 
     0      0      0   1092      0   1503 
     0      0      0   1093      0   1504 
     0      0      0   1094      0   1505 
     0      0      0   1095      0   1506 
     0      0      0   1096      0   1507 
     0      0      0   1097      0   1508 
     0      0      0   1098      0   1509 
     0      0      0   1099      0   1510 
     0      0      0      0   1306   1511 
     0      0      0      0   1307   1512 
     0      0      0      0   1308   1513 
     0      0      0      0   1309   1514 
     0      0      0      0   1310   1515 
     0      0      0      0   1311   1516 
     0      0      0      0   1312   1517 
     0      0      0      0   1313   1518 
     0      0      0      0   1314   1519 
     0      0      0      0   1315   1520 
     0      0      0      0   1316   1521 
     0      0      0      0   1317   1522 
     0      0      0      0   1318   1523 
     0      0      0      0   1319   1524 
     0      0      0      0   1320   1525 
     0      0      0      0   1321   1526 
     0      0      0      0   1322   1527 
     0      0      0      0   1323   1528 
     0      0      0      0   1324   1529 
     0      0      0      0   1325   1530 
     0      0      0      0   1326   1531 
     0      0      0      0   1327   1532 
     0      0      0      0   1328   1533 
     0      0      0      0   1329   1534 
     0      0      0      0   1330   1535 
     0      0      0      0   1331   1536 
     0      0      0      0   1332   1537 
     0      0      0      0   1333   1538 
     0      0      0      0   1334   1539 
     0      0      0      0   1335   1540 
     0      0      0      0   1336   1541 
     0      0      0      0   1337   1542 
     0      0      0      0   1338   1543 
     0      0      0      0   1339   1544 
     0      0      0      0   1340   1545 
     0      0      0      0   1341   1546 
     0      0      0      0   1342   1547 
     0      0      0      0   1343   1548 
     0      0      0      0   1344   1549 
     0      0      0      0   1345   1550 
     0      0      0      0   1346   1551 
     0      0      0      0   1347   1552 
     0      0      0      0   1348   1553 
     0      0      0      0   1349   1554 
     0      0      0      0   1350   1555 
     0      0      0      0   1351   1556 
     0      0      0      0   1352   1557 
     0      0      0      0   1353   1558 
     0      0      0      0   1354   1559 
     0      0      0      0   1355   1560 
     0      0      0      0   1356   1561 
     0      0      0      0   1357   1562 
     0      0      0      0   1358   1563 
     0      0      0      0   1359   1564 
     0      0      0      0   1360   1565 
     0      0      0      0   1361   1566 
     0      0      0      0   1362   1567 
     0      0      0      0   1363   1568 
     0      0      0      0   1364   1569 
     0      0      0      0   1365   1570 
     0      0      0      0   1366   1571 
     0      0      0      0   1367   1572 
